<?xml version="1.0" encoding="UTF-8"?>
<!-- Generated by org.testng.reporters.JUnitXMLReporter -->
<testsuite ignored="0" hostname="AWESOME" failures="0" tests="2" name="Test" time="78.016" errors="0" timestamp="2023-01-02T19:59:56 IST">
  <testcase classname="com.Mystore.testcases.TC_MyAccountPageTestDataDrivenTesting" name="VerifyLogin" time="22.362"/>
  <testcase classname="com.Mystore.testcases.TC_MyAccountPageTestDataDrivenTesting" name="VerifyLogin" time="21.567"/>
</testsuite> <!-- Test -->
